<?xml version="1.0" encoding="UTF-8"?>
<testsuite xmlns:xsi="http://www.w3.org/2001/XMLSchema-instance" xsi:noNamespaceSchemaLocation="https://maven.apache.org/surefire/maven-surefire-plugin/xsd/surefire-test-report.xsd" name="com.mycompany.app.AppTest" time="0.056" tests="1" errors="0" skipped="0" failures="0">
  <properties>
    <property name="java.specification.version" value="15"/>
    <property name="sun.jnu.encoding" value="UTF-8"/>
    <property name="java.class.path" value="/Users/nunobrazz/tecnico/meic/tese/rentingPlatform/Arbitrators/target/test-classes:/Users/nunobrazz/tecnico/meic/tese/rentingPlatform/Arbitrators/target/classes:/Users/nunobrazz/.m2/repository/junit/junit/4.11/junit-4.11.jar:/Users/nunobrazz/.m2/repository/org/hamcrest/hamcrest-core/1.3/hamcrest-core-1.3.jar:/Users/nunobrazz/.m2/repository/com/daml/bindings-rxjava/2.8.3/bindings-rxjava-2.8.3.jar:/Users/nunobrazz/.m2/repository/com/daml/ledger-api-auth-client/2.8.3/ledger-api-auth-client-2.8.3.jar:/Users/nunobrazz/.m2/repository/com/daml/rs-grpc-bridge/2.8.3/rs-grpc-bridge-2.8.3.jar:/Users/nunobrazz/.m2/repository/org/reactivestreams/reactive-streams/1.0.4/reactive-streams-1.0.4.jar:/Users/nunobrazz/.m2/repository/com/google/api/grpc/proto-google-common-protos/2.22.0/proto-google-common-protos-2.22.0.jar:/Users/nunobrazz/.m2/repository/com/google/protobuf/protobuf-java/3.24.0/protobuf-java-3.24.0.jar:/Users/nunobrazz/.m2/repository/io/grpc/grpc-api/1.60.0/grpc-api-1.60.0.jar:/Users/nunobrazz/.m2/repository/com/google/errorprone/error_prone_annotations/2.20.0/error_prone_annotations-2.20.0.jar:/Users/nunobrazz/.m2/repository/io/grpc/grpc-core/1.60.0/grpc-core-1.60.0.jar:/Users/nunobrazz/.m2/repository/com/google/code/gson/gson/2.10.1/gson-2.10.1.jar:/Users/nunobrazz/.m2/repository/com/google/android/annotations/4.1.1.4/annotations-4.1.1.4.jar:/Users/nunobrazz/.m2/repository/org/codehaus/mojo/animal-sniffer-annotations/1.23/animal-sniffer-annotations-1.23.jar:/Users/nunobrazz/.m2/repository/io/perfmark/perfmark-api/0.26.0/perfmark-api-0.26.0.jar:/Users/nunobrazz/.m2/repository/io/grpc/grpc-context/1.60.0/grpc-context-1.60.0.jar:/Users/nunobrazz/.m2/repository/io/grpc/grpc-util/1.60.0/grpc-util-1.60.0.jar:/Users/nunobrazz/.m2/repository/io/grpc/grpc-netty/1.60.0/grpc-netty-1.60.0.jar:/Users/nunobrazz/.m2/repository/io/netty/netty-codec-http2/4.1.100.Final/netty-codec-http2-4.1.100.Final.jar:/Users/nunobrazz/.m2/repository/io/netty/netty-codec-http/4.1.100.Final/netty-codec-http-4.1.100.Final.jar:/Users/nunobrazz/.m2/repository/io/netty/netty-handler-proxy/4.1.100.Final/netty-handler-proxy-4.1.100.Final.jar:/Users/nunobrazz/.m2/repository/io/netty/netty-codec-socks/4.1.100.Final/netty-codec-socks-4.1.100.Final.jar:/Users/nunobrazz/.m2/repository/io/netty/netty-transport-native-unix-common/4.1.100.Final/netty-transport-native-unix-common-4.1.100.Final.jar:/Users/nunobrazz/.m2/repository/io/grpc/grpc-protobuf/1.60.0/grpc-protobuf-1.60.0.jar:/Users/nunobrazz/.m2/repository/io/grpc/grpc-protobuf-lite/1.60.0/grpc-protobuf-lite-1.60.0.jar:/Users/nunobrazz/.m2/repository/io/grpc/grpc-stub/1.60.0/grpc-stub-1.60.0.jar:/Users/nunobrazz/.m2/repository/io/netty/netty-handler/4.1.100.Final/netty-handler-4.1.100.Final.jar:/Users/nunobrazz/.m2/repository/io/netty/netty-common/4.1.100.Final/netty-common-4.1.100.Final.jar:/Users/nunobrazz/.m2/repository/io/netty/netty-resolver/4.1.100.Final/netty-resolver-4.1.100.Final.jar:/Users/nunobrazz/.m2/repository/io/netty/netty-buffer/4.1.100.Final/netty-buffer-4.1.100.Final.jar:/Users/nunobrazz/.m2/repository/io/netty/netty-transport/4.1.100.Final/netty-transport-4.1.100.Final.jar:/Users/nunobrazz/.m2/repository/io/netty/netty-codec/4.1.100.Final/netty-codec-4.1.100.Final.jar:/Users/nunobrazz/.m2/repository/io/reactivex/rxjava2/rxjava/2.2.21/rxjava-2.2.21.jar:/Users/nunobrazz/.m2/repository/org/checkerframework/checker-qual/3.31.0/checker-qual-3.31.0.jar:/Users/nunobrazz/.m2/repository/org/pcollections/pcollections/4.0.1/pcollections-4.0.1.jar:/Users/nunobrazz/.m2/repository/org/slf4j/slf4j-api/2.0.6/slf4j-api-2.0.6.jar:/Users/nunobrazz/.m2/repository/com/daml/bindings-java/2.8.3/bindings-java-2.8.3.jar:/Users/nunobrazz/.m2/repository/com/fasterxml/jackson/core/jackson-core/2.14.3/jackson-core-2.14.3.jar:/Users/nunobrazz/.m2/repository/com/google/code/findbugs/jsr305/3.0.2/jsr305-3.0.2.jar:/Users/nunobrazz/.m2/repository/com/google/guava/guava/31.1-jre/guava-31.1-jre.jar:/Users/nunobrazz/.m2/repository/com/google/guava/failureaccess/1.0.1/failureaccess-1.0.1.jar:/Users/nunobrazz/.m2/repository/com/google/guava/listenablefuture/9999.0-empty-to-avoid-conflict-with-guava/listenablefuture-9999.0-empty-to-avoid-conflict-with-guava.jar:/Users/nunobrazz/.m2/repository/com/google/j2objc/j2objc-annotations/1.3/j2objc-annotations-1.3.jar:/Users/nunobrazz/.m2/repository/javax/annotation/javax.annotation-api/1.3.2/javax.annotation-api-1.3.2.jar:/Users/nunobrazz/.m2/repository/ch/qos/logback/logback-classic/1.4.12/logback-classic-1.4.12.jar:/Users/nunobrazz/.m2/repository/ch/qos/logback/logback-core/1.4.12/logback-core-1.4.12.jar:"/>
    <property name="java.vm.vendor" value="Oracle Corporation"/>
    <property name="sun.arch.data.model" value="64"/>
    <property name="java.vendor.url" value="https://java.oracle.com/"/>
    <property name="os.name" value="Mac OS X"/>
    <property name="java.vm.specification.version" value="15"/>
    <property name="sun.java.launcher" value="SUN_STANDARD"/>
    <property name="user.country" value="GB"/>
    <property name="sun.boot.library.path" value="/Library/Java/JavaVirtualMachines/jdk-15.0.1.jdk/Contents/Home/lib"/>
    <property name="sun.java.command" value="/Users/nunobrazz/tecnico/meic/tese/rentingPlatform/Arbitrators/target/surefire/surefirebooter18257344059315124818.jar /Users/nunobrazz/tecnico/meic/tese/rentingPlatform/Arbitrators/target/surefire 2024-09-16T11-18-54_416-jvmRun1 surefire15792292227967807903tmp surefire_017415932354789029122tmp"/>
    <property name="http.nonProxyHosts" value="local|*.local|169.254/16|*.169.254/16"/>
    <property name="jdk.debug" value="release"/>
    <property name="surefire.test.class.path" value="/Users/nunobrazz/tecnico/meic/tese/rentingPlatform/Arbitrators/target/test-classes:/Users/nunobrazz/tecnico/meic/tese/rentingPlatform/Arbitrators/target/classes:/Users/nunobrazz/.m2/repository/junit/junit/4.11/junit-4.11.jar:/Users/nunobrazz/.m2/repository/org/hamcrest/hamcrest-core/1.3/hamcrest-core-1.3.jar:/Users/nunobrazz/.m2/repository/com/daml/bindings-rxjava/2.8.3/bindings-rxjava-2.8.3.jar:/Users/nunobrazz/.m2/repository/com/daml/ledger-api-auth-client/2.8.3/ledger-api-auth-client-2.8.3.jar:/Users/nunobrazz/.m2/repository/com/daml/rs-grpc-bridge/2.8.3/rs-grpc-bridge-2.8.3.jar:/Users/nunobrazz/.m2/repository/org/reactivestreams/reactive-streams/1.0.4/reactive-streams-1.0.4.jar:/Users/nunobrazz/.m2/repository/com/google/api/grpc/proto-google-common-protos/2.22.0/proto-google-common-protos-2.22.0.jar:/Users/nunobrazz/.m2/repository/com/google/protobuf/protobuf-java/3.24.0/protobuf-java-3.24.0.jar:/Users/nunobrazz/.m2/repository/io/grpc/grpc-api/1.60.0/grpc-api-1.60.0.jar:/Users/nunobrazz/.m2/repository/com/google/errorprone/error_prone_annotations/2.20.0/error_prone_annotations-2.20.0.jar:/Users/nunobrazz/.m2/repository/io/grpc/grpc-core/1.60.0/grpc-core-1.60.0.jar:/Users/nunobrazz/.m2/repository/com/google/code/gson/gson/2.10.1/gson-2.10.1.jar:/Users/nunobrazz/.m2/repository/com/google/android/annotations/4.1.1.4/annotations-4.1.1.4.jar:/Users/nunobrazz/.m2/repository/org/codehaus/mojo/animal-sniffer-annotations/1.23/animal-sniffer-annotations-1.23.jar:/Users/nunobrazz/.m2/repository/io/perfmark/perfmark-api/0.26.0/perfmark-api-0.26.0.jar:/Users/nunobrazz/.m2/repository/io/grpc/grpc-context/1.60.0/grpc-context-1.60.0.jar:/Users/nunobrazz/.m2/repository/io/grpc/grpc-util/1.60.0/grpc-util-1.60.0.jar:/Users/nunobrazz/.m2/repository/io/grpc/grpc-netty/1.60.0/grpc-netty-1.60.0.jar:/Users/nunobrazz/.m2/repository/io/netty/netty-codec-http2/4.1.100.Final/netty-codec-http2-4.1.100.Final.jar:/Users/nunobrazz/.m2/repository/io/netty/netty-codec-http/4.1.100.Final/netty-codec-http-4.1.100.Final.jar:/Users/nunobrazz/.m2/repository/io/netty/netty-handler-proxy/4.1.100.Final/netty-handler-proxy-4.1.100.Final.jar:/Users/nunobrazz/.m2/repository/io/netty/netty-codec-socks/4.1.100.Final/netty-codec-socks-4.1.100.Final.jar:/Users/nunobrazz/.m2/repository/io/netty/netty-transport-native-unix-common/4.1.100.Final/netty-transport-native-unix-common-4.1.100.Final.jar:/Users/nunobrazz/.m2/repository/io/grpc/grpc-protobuf/1.60.0/grpc-protobuf-1.60.0.jar:/Users/nunobrazz/.m2/repository/io/grpc/grpc-protobuf-lite/1.60.0/grpc-protobuf-lite-1.60.0.jar:/Users/nunobrazz/.m2/repository/io/grpc/grpc-stub/1.60.0/grpc-stub-1.60.0.jar:/Users/nunobrazz/.m2/repository/io/netty/netty-handler/4.1.100.Final/netty-handler-4.1.100.Final.jar:/Users/nunobrazz/.m2/repository/io/netty/netty-common/4.1.100.Final/netty-common-4.1.100.Final.jar:/Users/nunobrazz/.m2/repository/io/netty/netty-resolver/4.1.100.Final/netty-resolver-4.1.100.Final.jar:/Users/nunobrazz/.m2/repository/io/netty/netty-buffer/4.1.100.Final/netty-buffer-4.1.100.Final.jar:/Users/nunobrazz/.m2/repository/io/netty/netty-transport/4.1.100.Final/netty-transport-4.1.100.Final.jar:/Users/nunobrazz/.m2/repository/io/netty/netty-codec/4.1.100.Final/netty-codec-4.1.100.Final.jar:/Users/nunobrazz/.m2/repository/io/reactivex/rxjava2/rxjava/2.2.21/rxjava-2.2.21.jar:/Users/nunobrazz/.m2/repository/org/checkerframework/checker-qual/3.31.0/checker-qual-3.31.0.jar:/Users/nunobrazz/.m2/repository/org/pcollections/pcollections/4.0.1/pcollections-4.0.1.jar:/Users/nunobrazz/.m2/repository/org/slf4j/slf4j-api/2.0.6/slf4j-api-2.0.6.jar:/Users/nunobrazz/.m2/repository/com/daml/bindings-java/2.8.3/bindings-java-2.8.3.jar:/Users/nunobrazz/.m2/repository/com/fasterxml/jackson/core/jackson-core/2.14.3/jackson-core-2.14.3.jar:/Users/nunobrazz/.m2/repository/com/google/code/findbugs/jsr305/3.0.2/jsr305-3.0.2.jar:/Users/nunobrazz/.m2/repository/com/google/guava/guava/31.1-jre/guava-31.1-jre.jar:/Users/nunobrazz/.m2/repository/com/google/guava/failureaccess/1.0.1/failureaccess-1.0.1.jar:/Users/nunobrazz/.m2/repository/com/google/guava/listenablefuture/9999.0-empty-to-avoid-conflict-with-guava/listenablefuture-9999.0-empty-to-avoid-conflict-with-guava.jar:/Users/nunobrazz/.m2/repository/com/google/j2objc/j2objc-annotations/1.3/j2objc-annotations-1.3.jar:/Users/nunobrazz/.m2/repository/javax/annotation/javax.annotation-api/1.3.2/javax.annotation-api-1.3.2.jar:/Users/nunobrazz/.m2/repository/ch/qos/logback/logback-classic/1.4.12/logback-classic-1.4.12.jar:/Users/nunobrazz/.m2/repository/ch/qos/logback/logback-core/1.4.12/logback-core-1.4.12.jar:"/>
    <property name="sun.cpu.endian" value="little"/>
    <property name="user.home" value="/Users/nunobrazz"/>
    <property name="user.language" value="en"/>
    <property name="java.specification.vendor" value="Oracle Corporation"/>
    <property name="java.version.date" value="2020-10-20"/>
    <property name="java.home" value="/Library/Java/JavaVirtualMachines/jdk-15.0.1.jdk/Contents/Home"/>
    <property name="file.separator" value="/"/>
    <property name="basedir" value="/Users/nunobrazz/tecnico/meic/tese/rentingPlatform/Arbitrators"/>
    <property name="java.vm.compressedOopsMode" value="Zero based"/>
    <property name="line.separator" value="&#10;"/>
    <property name="java.specification.name" value="Java Platform API Specification"/>
    <property name="java.vm.specification.vendor" value="Oracle Corporation"/>
    <property name="surefire.real.class.path" value="/Users/nunobrazz/tecnico/meic/tese/rentingPlatform/Arbitrators/target/surefire/surefirebooter18257344059315124818.jar"/>
    <property name="sun.management.compiler" value="HotSpot 64-Bit Tiered Compilers"/>
    <property name="ftp.nonProxyHosts" value="local|*.local|169.254/16|*.169.254/16"/>
    <property name="java.runtime.version" value="15.0.1+9-18"/>
    <property name="user.name" value="nunobrazz"/>
    <property name="path.separator" value=":"/>
    <property name="os.version" value="10.16"/>
    <property name="java.runtime.name" value="Java(TM) SE Runtime Environment"/>
    <property name="file.encoding" value="UTF-8"/>
    <property name="java.vm.name" value="Java HotSpot(TM) 64-Bit Server VM"/>
    <property name="localRepository" value="/Users/nunobrazz/.m2/repository"/>
    <property name="java.vendor.url.bug" value="https://bugreport.java.com/bugreport/"/>
    <property name="java.io.tmpdir" value="/var/folders/r_/w0hj8d155tzfpycy_qwdqxdc0000gp/T/"/>
    <property name="java.version" value="15.0.1"/>
    <property name="user.dir" value="/Users/nunobrazz/tecnico/meic/tese/rentingPlatform/Arbitrators"/>
    <property name="os.arch" value="x86_64"/>
    <property name="java.vm.specification.name" value="Java Virtual Machine Specification"/>
    <property name="java.library.path" value="/Users/nunobrazz/Library/Java/Extensions:/Library/Java/Extensions:/Network/Library/Java/Extensions:/System/Library/Java/Extensions:/usr/lib/java:."/>
    <property name="java.vm.info" value="mixed mode, sharing"/>
    <property name="java.vendor" value="Oracle Corporation"/>
    <property name="java.vm.version" value="15.0.1+9-18"/>
    <property name="sun.io.unicode.encoding" value="UnicodeBig"/>
    <property name="socksNonProxyHosts" value="local|*.local|169.254/16|*.169.254/16"/>
    <property name="java.class.version" value="59.0"/>
  </properties>
  <testcase name="shouldAnswerWithTrue" classname="com.mycompany.app.AppTest" time="0.006"/>
</testsuite>